Assignment3/Library/Bee/Android/Prj/IL2CPP/Gradle/launcher/build/intermediates/manifest_merge_blame_file/release/manifest-merger-blame-release-report.txt
1<?xml version="1.0" encoding="utf-8"?>
2<manifest xmlns:android="http://schemas.android.com/apk/res/android"
3    package="com.vuforia.engine.VuforiaEngine"
4    android:installLocation="preferExternal"
5    android:versionCode="10213"
6    android:versionName="10.21.3" >
7
8    <uses-sdk
9        android:minSdkVersion="26"
9-->src\main\AndroidManifest.xml
10        android:targetSdkVersion="32" />
10-->src\main\AndroidManifest.xml
11
12    <supports-screens
12-->src\main\AndroidManifest.xml:4:3-163
13        android:anyDensity="true"
13-->src\main\AndroidManifest.xml:4:135-160
14        android:largeScreens="true"
14-->src\main\AndroidManifest.xml:4:78-105
15        android:normalScreens="true"
15-->src\main\AndroidManifest.xml:4:49-77
16        android:smallScreens="true"
16-->src\main\AndroidManifest.xml:4:21-48
17        android:xlargeScreens="true" />
17-->src\main\AndroidManifest.xml:4:106-134
18
19    <uses-permission android:name="android.permission.INTERNET" />
19-->[:unityLibrary] AndroidManifest.xml:10:5-67
19-->[:unityLibrary] AndroidManifest.xml:10:22-64
20    <uses-permission android:name="android.permission.ACCESS_NETWORK_STATE" />
20-->[:unityLibrary] AndroidManifest.xml:11:5-79
20-->[:unityLibrary] AndroidManifest.xml:11:22-76
21    <uses-permission android:name="android.permission.CAMERA" />
21-->[:unityLibrary] AndroidManifest.xml:12:5-65
21-->[:unityLibrary] AndroidManifest.xml:12:22-62
22
23    <uses-feature android:glEsVersion="0x00020000" />
23-->[:unityLibrary] AndroidManifest.xml:14:5-54
23-->[:unityLibrary] AndroidManifest.xml:14:19-51
24    <uses-feature
24-->[:unityLibrary] AndroidManifest.xml:15:5-17:36
25        android:name="android.hardware.vulkan.version"
25-->[:unityLibrary] AndroidManifest.xml:16:9-55
26        android:required="false" />
26-->[:unityLibrary] AndroidManifest.xml:17:9-33
27    <uses-feature
27-->[:unityLibrary] AndroidManifest.xml:18:5-20:36
28        android:name="android.hardware.camera"
28-->[:unityLibrary] AndroidManifest.xml:19:9-47
29        android:required="true" />
29-->[:unityLibrary] AndroidManifest.xml:20:9-33
30    <uses-feature
30-->[:unityLibrary] AndroidManifest.xml:21:5-23:36
31        android:name="android.hardware.camera.autofocus"
31-->[:unityLibrary] AndroidManifest.xml:22:9-57
32        android:required="false" />
32-->[:unityLibrary] AndroidManifest.xml:23:9-33
33    <uses-feature
33-->[:unityLibrary] AndroidManifest.xml:24:5-26:36
34        android:name="android.hardware.camera.front"
34-->[:unityLibrary] AndroidManifest.xml:25:9-53
35        android:required="false" />
35-->[:unityLibrary] AndroidManifest.xml:26:9-33
36    <uses-feature
36-->[:unityLibrary] AndroidManifest.xml:27:5-29:36
37        android:name="android.hardware.touchscreen"
37-->[:unityLibrary] AndroidManifest.xml:28:9-52
38        android:required="false" />
38-->[:unityLibrary] AndroidManifest.xml:29:9-33
39    <uses-feature
39-->[:unityLibrary] AndroidManifest.xml:30:5-32:36
40        android:name="android.hardware.touchscreen.multitouch"
40-->[:unityLibrary] AndroidManifest.xml:31:9-63
41        android:required="false" />
41-->[:unityLibrary] AndroidManifest.xml:32:9-33
42    <uses-feature
42-->[:unityLibrary] AndroidManifest.xml:33:5-35:36
43        android:name="android.hardware.touchscreen.multitouch.distinct"
43-->[:unityLibrary] AndroidManifest.xml:34:9-72
44        android:required="false" />
44-->[:unityLibrary] AndroidManifest.xml:35:9-33
45
46    <queries>
46-->[com.google.ar:core:1.36.0] AndroidManifest.xml:20:5-22:15
47        <package android:name="com.google.ar.core" />
47-->[com.google.ar:core:1.36.0] AndroidManifest.xml:21:9-54
47-->[com.google.ar:core:1.36.0] AndroidManifest.xml:21:18-51
48    </queries>
49
50    <uses-permission android:name="com.google.android.gms.permission.AD_ID" />
50-->[:UnityAds:] AndroidManifest.xml:11:5-79
50-->[:UnityAds:] AndroidManifest.xml:11:22-76
51    <!--
52        Required by Vuforia: Add this permission to access IMU sensors at high rate
53        for device tracker functionality on Android 12+.
54    -->
55    <uses-permission android:name="android.permission.HIGH_SAMPLING_RATE_SENSORS" />
55-->[:VuforiaEngine:] AndroidManifest.xml:16:5-85
55-->[:VuforiaEngine:] AndroidManifest.xml:16:22-82
56
57    <application
57-->src\main\AndroidManifest.xml:3:3-126
58        android:extractNativeLibs="true"
58-->[:unityLibrary] AndroidManifest.xml:37:18-50
59        android:icon="@mipmap/app_icon"
59-->src\main\AndroidManifest.xml:3:49-80
60        android:label="@string/app_name"
60-->src\main\AndroidManifest.xml:3:16-48
61        android:roundIcon="@mipmap/app_icon_round" >
61-->src\main\AndroidManifest.xml:3:81-123
62        <meta-data
62-->[:unityLibrary] AndroidManifest.xml:38:9-40:33
63            android:name="unity.splash-mode"
63-->[:unityLibrary] AndroidManifest.xml:39:13-45
64            android:value="0" />
64-->[:unityLibrary] AndroidManifest.xml:40:13-30
65        <meta-data
65-->[:unityLibrary] AndroidManifest.xml:41:9-43:36
66            android:name="unity.splash-enable"
66-->[:unityLibrary] AndroidManifest.xml:42:13-47
67            android:value="True" />
67-->[:unityLibrary] AndroidManifest.xml:43:13-33
68        <meta-data
68-->[:unityLibrary] AndroidManifest.xml:44:9-46:36
69            android:name="unity.launch-fullscreen"
69-->[:unityLibrary] AndroidManifest.xml:45:13-51
70            android:value="True" />
70-->[:unityLibrary] AndroidManifest.xml:46:13-33
71        <meta-data
71-->[:unityLibrary] AndroidManifest.xml:47:9-49:50
72            android:name="notch.config"
72-->[:unityLibrary] AndroidManifest.xml:48:13-40
73            android:value="portrait|landscape" />
73-->[:unityLibrary] AndroidManifest.xml:49:13-47
74        <meta-data
74-->[:unityLibrary] AndroidManifest.xml:50:9-52:36
75            android:name="unity.auto-report-fully-drawn"
75-->[:unityLibrary] AndroidManifest.xml:51:13-57
76            android:value="true" />
76-->[:unityLibrary] AndroidManifest.xml:52:13-33
77
78        <activity
78-->[:unityLibrary] AndroidManifest.xml:54:9-75:20
79            android:name="com.unity3d.player.UnityPlayerActivity"
79-->[:unityLibrary] AndroidManifest.xml:55:13-66
80            android:configChanges="mcc|mnc|locale|touchscreen|keyboard|keyboardHidden|navigation|orientation|screenLayout|uiMode|screenSize|smallestScreenSize|fontScale|layoutDirection|density"
80-->[:unityLibrary] AndroidManifest.xml:56:13-194
81            android:exported="true"
81-->[:unityLibrary] AndroidManifest.xml:57:13-36
82            android:hardwareAccelerated="false"
82-->[:unityLibrary] AndroidManifest.xml:58:13-48
83            android:launchMode="singleTask"
83-->[:unityLibrary] AndroidManifest.xml:59:13-44
84            android:resizeableActivity="false"
84-->[:unityLibrary] AndroidManifest.xml:60:13-47
85            android:screenOrientation="portrait"
85-->[:unityLibrary] AndroidManifest.xml:61:13-49
86            android:theme="@style/UnityThemeSelector" >
86-->[:unityLibrary] AndroidManifest.xml:62:13-54
87            <intent-filter>
87-->[:unityLibrary] AndroidManifest.xml:63:13-67:29
88                <category android:name="android.intent.category.LAUNCHER" />
88-->[:unityLibrary] AndroidManifest.xml:64:17-77
88-->[:unityLibrary] AndroidManifest.xml:64:27-74
89
90                <action android:name="android.intent.action.MAIN" />
90-->[:unityLibrary] AndroidManifest.xml:66:17-69
90-->[:unityLibrary] AndroidManifest.xml:66:25-66
91            </intent-filter>
92
93            <meta-data
93-->[:unityLibrary] AndroidManifest.xml:69:13-71:40
94                android:name="unityplayer.UnityActivity"
94-->[:unityLibrary] AndroidManifest.xml:70:17-57
95                android:value="true" />
95-->[:unityLibrary] AndroidManifest.xml:71:17-37
96            <meta-data
96-->[:unityLibrary] AndroidManifest.xml:72:13-74:40
97                android:name="notch_support"
97-->[:unityLibrary] AndroidManifest.xml:73:17-45
98                android:value="true" />
98-->[:unityLibrary] AndroidManifest.xml:74:17-37
99        </activity>
100
101        <meta-data
101-->[:unityLibrary] AndroidManifest.xml:77:9-79:40
102            android:name="com.google.ar.core"
102-->[:unityLibrary] AndroidManifest.xml:78:13-46
103            android:value="optional" /> <!-- The minimal version code of ARCore APK required for an app using this SDK. -->
103-->[:unityLibrary] AndroidManifest.xml:79:13-37
104        <meta-data
104-->[com.google.ar:core:1.36.0] AndroidManifest.xml:27:9-29:41
105            android:name="com.google.ar.core.min_apk_version"
105-->[com.google.ar:core:1.36.0] AndroidManifest.xml:28:13-62
106            android:value="223110000" /> <!-- This activity is critical for installing ARCore when it is not already present. -->
106-->[com.google.ar:core:1.36.0] AndroidManifest.xml:29:13-38
107        <activity
107-->[com.google.ar:core:1.36.0] AndroidManifest.xml:31:9-37:80
108            android:name="com.google.ar.core.InstallActivity"
108-->[com.google.ar:core:1.36.0] AndroidManifest.xml:32:13-62
109            android:configChanges="keyboardHidden|orientation|screenSize"
109-->[com.google.ar:core:1.36.0] AndroidManifest.xml:33:13-74
110            android:excludeFromRecents="true"
110-->[com.google.ar:core:1.36.0] AndroidManifest.xml:34:13-46
111            android:exported="false"
111-->[com.google.ar:core:1.36.0] AndroidManifest.xml:35:13-37
112            android:launchMode="singleTop"
112-->[com.google.ar:core:1.36.0] AndroidManifest.xml:36:13-43
113            android:theme="@android:style/Theme.Material.Light.Dialog.Alert" />
113-->[com.google.ar:core:1.36.0] AndroidManifest.xml:37:13-77
114        <activity
114-->[:UnityAds:] AndroidManifest.xml:14:9-18:74
115            android:name="com.unity3d.services.ads.adunit.AdUnitActivity"
115-->[:UnityAds:] AndroidManifest.xml:15:13-74
116            android:configChanges="fontScale|keyboard|keyboardHidden|locale|mnc|mcc|navigation|orientation|screenLayout|screenSize|smallestScreenSize|uiMode|touchscreen"
116-->[:UnityAds:] AndroidManifest.xml:16:13-170
117            android:hardwareAccelerated="true"
117-->[:UnityAds:] AndroidManifest.xml:17:13-47
118            android:theme="@android:style/Theme.NoTitleBar.Fullscreen" />
118-->[:UnityAds:] AndroidManifest.xml:18:13-71
119        <activity
119-->[:UnityAds:] AndroidManifest.xml:19:9-23:86
120            android:name="com.unity3d.services.ads.adunit.AdUnitTransparentActivity"
120-->[:UnityAds:] AndroidManifest.xml:20:13-85
121            android:configChanges="fontScale|keyboard|keyboardHidden|locale|mnc|mcc|navigation|orientation|screenLayout|screenSize|smallestScreenSize|uiMode|touchscreen"
121-->[:UnityAds:] AndroidManifest.xml:21:13-170
122            android:hardwareAccelerated="true"
122-->[:UnityAds:] AndroidManifest.xml:22:13-47
123            android:theme="@android:style/Theme.Translucent.NoTitleBar.Fullscreen" />
123-->[:UnityAds:] AndroidManifest.xml:23:13-83
124        <activity
124-->[:UnityAds:] AndroidManifest.xml:24:9-28:86
125            android:name="com.unity3d.services.ads.adunit.AdUnitTransparentSoftwareActivity"
125-->[:UnityAds:] AndroidManifest.xml:25:13-93
126            android:configChanges="fontScale|keyboard|keyboardHidden|locale|mnc|mcc|navigation|orientation|screenLayout|screenSize|smallestScreenSize|uiMode|touchscreen"
126-->[:UnityAds:] AndroidManifest.xml:26:13-170
127            android:hardwareAccelerated="false"
127-->[:UnityAds:] AndroidManifest.xml:27:13-48
128            android:theme="@android:style/Theme.Translucent.NoTitleBar.Fullscreen" />
128-->[:UnityAds:] AndroidManifest.xml:28:13-83
129        <activity
129-->[:UnityAds:] AndroidManifest.xml:29:9-33:74
130            android:name="com.unity3d.services.ads.adunit.AdUnitSoftwareActivity"
130-->[:UnityAds:] AndroidManifest.xml:30:13-82
131            android:configChanges="fontScale|keyboard|keyboardHidden|locale|mnc|mcc|navigation|orientation|screenLayout|screenSize|smallestScreenSize|uiMode|touchscreen"
131-->[:UnityAds:] AndroidManifest.xml:31:13-170
132            android:hardwareAccelerated="false"
132-->[:UnityAds:] AndroidManifest.xml:32:13-48
133            android:theme="@android:style/Theme.NoTitleBar.Fullscreen" />
133-->[:UnityAds:] AndroidManifest.xml:33:13-71
134
135        <provider
135-->[:VuforiaEngine:] AndroidManifest.xml:25:9-33:20
136            android:name="com.vuforia.engine.app.VuforiaContentProvider"
136-->[:VuforiaEngine:] AndroidManifest.xml:26:13-73
137            android:authorities="com.vuforia.engine.VuforiaEngine.vuforia.share"
137-->[:VuforiaEngine:] AndroidManifest.xml:27:13-65
138            android:exported="false"
138-->[:VuforiaEngine:] AndroidManifest.xml:28:13-37
139            android:grantUriPermissions="true" >
139-->[:VuforiaEngine:] AndroidManifest.xml:29:13-47
140            <meta-data
140-->[:VuforiaEngine:] AndroidManifest.xml:30:13-32:53
141                android:name="android.support.FILE_PROVIDER_PATHS"
141-->[:VuforiaEngine:] AndroidManifest.xml:31:17-67
142                android:resource="@xml/filepaths" />
142-->[:VuforiaEngine:] AndroidManifest.xml:32:17-50
143        </provider>
144    </application>
145
146</manifest>